<?xml version="1.0" encoding="UTF-8"?>
<testsuite xmlns:xsi="http://www.w3.org/2001/XMLSchema-instance" xsi:noNamespaceSchemaLocation="https://maven.apache.org/surefire/maven-surefire-plugin/xsd/surefire-test-report.xsd" name="runner.TestRunner" time="133.845" tests="14" errors="0" skipped="0" failures="0">
  <properties>
[...]
</properties>
  <testcase name="Login with valid credentials #1" classname="Login Functionality" time="10.375"/>
  <testcase name="Login with valid credentials #2" classname="Login Functionality" time="9.109"/>
  <testcase name="Login with valid credentials #3" classname="Login Functionality" time="8.456"/>
  <testcase name="Login with invalid credentials" classname="Login Functionality" time="9.185"/>
  <testcase name="Login with valid email and invalid password" classname="Login Functionality" time="8.905"/>
  <testcase name="Login with invalid email and valid password" classname="Login Functionality" time="8.254"/>
  <testcase name="Login without providing any credentials" classname="Login Functionality" time="10.07"/>
  <testcase name="User creates an account only with mandatory fields" classname="Registration functionality" time="13.661"/>
  <testcase name="User creates an account with all fields" classname="Registration functionality" time="10.305"/>
  <testcase name="User creates a duplicate account" classname="Registration functionality" time="10.65"/>
  <testcase name="User creates an account without filling any details" classname="Registration functionality" time="10.365"/>
  <testcase name="User Searches for a valid product" classname="search functionality" time="7.025"/>
  <testcase name="User Searches for a invalid product" classname="search functionality" time="6.812"/>
  <testcase name="User Searches without providing any product" classname="search functionality" time="6.528"/>
</testsuite>