<?xml version="1.0" encoding="UTF-8"?>
<testsuite xmlns:xsi="http://www.w3.org/2001/XMLSchema-instance" xsi:noNamespaceSchemaLocation="https://maven.apache.org/surefire/maven-surefire-plugin/xsd/surefire-test-report-3.0.xsd" version="3.0" name="runner.TestRunner" time="164.39" tests="14" errors="0" skipped="0" failures="1">
  <properties>
[...]
</properties>
  <testcase name="runScenario[&quot;Login with valid credentials&quot;, &quot;Login Functionality&quot;](1)" classname="runner.TestRunner" time="18.048">
    <system-out><![CDATA[
Scenario Outline: Login with valid credentials                                  &amp#27;[90m# src/test/resources/features/Login.feature:13&amp#27;[0m
[INFO ] 2024-04-14 08:41:41.841 [main] MyHooks - user launch chrome browser setup1 executed
[INFO ] 2024-04-14 08:41:42.391 [main] MyHooks - url got opened
  &amp#27;[32mGiven &amp#27;[0m&amp#27;[32mUser has navigated to login page&amp#27;[0m                                        &amp#27;[90m# stepdefinitions.Login.User_has_navigated_to_login_page()&amp#27;[0m
  &amp#27;[32mWhen &amp#27;[0m&amp#27;[32mUser enteres valid email address &amp#27;[0m&amp#27;[32m&amp#27;[1mamotooricap1@gmail.com&amp#27;[0m&amp#27;[32m into email field&amp#27;[0m &amp#27;[90m# stepdefinitions.Login.user_enteres_valid_email_address_into_email_field(java.lang.String)&amp#27;[0m
  &amp#27;[32mAnd &amp#27;[0m&amp#27;[32mUser has entered valid password &amp#27;[0m&amp#27;[32m&amp#27;[1m12345&amp#27;[0m&amp#27;[32m into password field&amp#27;[0m                 &amp#27;[90m# stepdefinitions.Login.user_has_entered_valid_password_into_password_field(java.lang.String)&amp#27;[0m
  &amp#27;[32mAnd &amp#27;[0m&amp#27;[32mUser clicks on login button&amp#27;[0m                                               &amp#27;[90m# stepdefinitions.Login.user_clicks_on_login_button()&amp#27;[0m
  &amp#27;[32mThen &amp#27;[0m&amp#27;[32mUser should get successfully logged in&amp#27;[0m                                   &amp#27;[90m# stepdefinitions.Login.user_should_get_successfully_logged_in()&amp#27;[0m
[INFO ] 2024-04-14 08:41:46.195 [main] MyHooks - browser got closed
]]></system-out>
    <system-err><![CDATA[SLF4J: Failed to load class "org.slf4j.impl.StaticLoggerBinder".
SLF4J: Defaulting to no-operation (NOP) logger implementation
SLF4J: See http://www.slf4j.org/codes.html#StaticLoggerBinder for further details.
]]></system-err>
  </testcase>
  <testcase name="runScenario[&quot;Login with valid credentials&quot;, &quot;Login Functionality&quot;](2)" classname="runner.TestRunner" time="13.215">
    <system-out><![CDATA[
Scenario Outline: Login with valid credentials                                  &amp#27;[90m# src/test/resources/features/Login.feature:14&amp#27;[0m
[INFO ] 2024-04-14 08:41:51.075 [main] MyHooks - user launch chrome browser setup1 executed
[INFO ] 2024-04-14 08:41:54.397 [main] MyHooks - url got opened
  &amp#27;[32mGiven &amp#27;[0m&amp#27;[32mUser has navigated to login page&amp#27;[0m                                        &amp#27;[90m# stepdefinitions.Login.User_has_navigated_to_login_page()&amp#27;[0m
  &amp#27;[32mWhen &amp#27;[0m&amp#27;[32mUser enteres valid email address &amp#27;[0m&amp#27;[32m&amp#27;[1mamotooricap2@gmail.com&amp#27;[0m&amp#27;[32m into email field&amp#27;[0m &amp#27;[90m# stepdefinitions.Login.user_enteres_valid_email_address_into_email_field(java.lang.String)&amp#27;[0m
  &amp#27;[32mAnd &amp#27;[0m&amp#27;[32mUser has entered valid password &amp#27;[0m&amp#27;[32m&amp#27;[1m12345&amp#27;[0m&amp#27;[32m into password field&amp#27;[0m                 &amp#27;[90m# stepdefinitions.Login.user_has_entered_valid_password_into_password_field(java.lang.String)&amp#27;[0m
  &amp#27;[32mAnd &amp#27;[0m&amp#27;[32mUser clicks on login button&amp#27;[0m                                               &amp#27;[90m# stepdefinitions.Login.user_clicks_on_login_button()&amp#27;[0m
  &amp#27;[32mThen &amp#27;[0m&amp#27;[32mUser should get successfully logged in&amp#27;[0m                                   &amp#27;[90m# stepdefinitions.Login.user_should_get_successfully_logged_in()&amp#27;[0m
[INFO ] 2024-04-14 08:41:59.417 [main] MyHooks - browser got closed
]]></system-out>
  </testcase>
  <testcase name="runScenario[&quot;Login with valid credentials&quot;, &quot;Login Functionality&quot;](3)" classname="runner.TestRunner" time="13.603">
    <system-out><![CDATA[
Scenario Outline: Login with valid credentials                                  &amp#27;[90m# src/test/resources/features/Login.feature:15&amp#27;[0m
[INFO ] 2024-04-14 08:42:08.078 [main] MyHooks - user launch chrome browser setup1 executed
[INFO ] 2024-04-14 08:42:08.946 [main] MyHooks - url got opened
  &amp#27;[32mGiven &amp#27;[0m&amp#27;[32mUser has navigated to login page&amp#27;[0m                                        &amp#27;[90m# stepdefinitions.Login.User_has_navigated_to_login_page()&amp#27;[0m
  &amp#27;[32mWhen &amp#27;[0m&amp#27;[32mUser enteres valid email address &amp#27;[0m&amp#27;[32m&amp#27;[1mamotooricap3@gmail.com&amp#27;[0m&amp#27;[32m into email field&amp#27;[0m &amp#27;[90m# stepdefinitions.Login.user_enteres_valid_email_address_into_email_field(java.lang.String)&amp#27;[0m
  &amp#27;[32mAnd &amp#27;[0m&amp#27;[32mUser has entered valid password &amp#27;[0m&amp#27;[32m&amp#27;[1m12345&amp#27;[0m&amp#27;[32m into password field&amp#27;[0m                 &amp#27;[90m# stepdefinitions.Login.user_has_entered_valid_password_into_password_field(java.lang.String)&amp#27;[0m
  &amp#27;[32mAnd &amp#27;[0m&amp#27;[32mUser clicks on login button&amp#27;[0m                                               &amp#27;[90m# stepdefinitions.Login.user_clicks_on_login_button()&amp#27;[0m
  &amp#27;[32mThen &amp#27;[0m&amp#27;[32mUser should get successfully logged in&amp#27;[0m                                   &amp#27;[90m# stepdefinitions.Login.user_should_get_successfully_logged_in()&amp#27;[0m
[INFO ] 2024-04-14 08:42:13.023 [main] MyHooks - browser got closed
]]></system-out>
  </testcase>
  <testcase name="runScenario[&quot;Login with invalid credentials&quot;, &quot;Login Functionality&quot;](4)" classname="runner.TestRunner" time="9.701">
    <system-out><![CDATA[
Scenario: Login with invalid credentials                                   &amp#27;[90m# src/test/resources/features/Login.feature:17&amp#27;[0m
[INFO ] 2024-04-14 08:42:18.751 [main] MyHooks - user launch chrome browser setup1 executed
[INFO ] 2024-04-14 08:42:19.250 [main] MyHooks - url got opened
  &amp#27;[32mGiven &amp#27;[0m&amp#27;[32mUser has navigated to login page&amp#27;[0m                                   &amp#27;[90m# stepdefinitions.Login.User_has_navigated_to_login_page()&amp#27;[0m
  &amp#27;[32mWhen &amp#27;[0m&amp#27;[32mUser enteres invalid email address into email field&amp#27;[0m                 &amp#27;[90m# stepdefinitions.Login.user_enteres_invalid_email_address_into_email_field()&amp#27;[0m
  &amp#27;[32mAnd &amp#27;[0m&amp#27;[32mUser enters invalid password &amp#27;[0m&amp#27;[32m&amp#27;[1m"ad34577"&amp#27;[0m&amp#27;[32m into password field&amp#27;[0m           &amp#27;[90m# stepdefinitions.Login.user_enters_invalid_password_into_password_field(java.lang.String)&amp#27;[0m
  &amp#27;[32mAnd &amp#27;[0m&amp#27;[32mUser clicks on login button&amp#27;[0m                                          &amp#27;[90m# stepdefinitions.Login.user_clicks_on_login_button()&amp#27;[0m
  &amp#27;[32mThen &amp#27;[0m&amp#27;[32mUser should get a proper warning message about credentails mismatch&amp#27;[0m &amp#27;[90m# stepdefinitions.Login.user_should_get_a_proper_warning_message_about_credentails_mismatch()&amp#27;[0m
[INFO ] 2024-04-14 08:42:22.725 [main] MyHooks - browser got closed
]]></system-out>
  </testcase>
  <testcase name="runScenario[&quot;Login with valid email and invalid password&quot;, &quot;Login Functionality&quot;](5)" classname="runner.TestRunner" time="10.392">
    <failure type="java.lang.AssertionError"><![CDATA[java.lang.AssertionError
	at org.junit.Assert.fail(Assert.java:86)
	at org.junit.Assert.assertTrue(Assert.java:41)
	at org.junit.Assert.assertTrue(Assert.java:52)
	at stepdefinitions.Login.user_should_get_a_proper_warning_message_about_credentails_mismatch(Login.java:106)
	at ✽.User should get a proper warning message about credentails mismatch(file:///C:/Users/DELL/eclipse-workspace/CucumberWorkspace/TutorialsNinjaCucumberProject/src/test/resources/features/Login.feature:30)
]]></failure>
    <system-out><![CDATA[
Scenario: Login with valid email and invalid password                                  &amp#27;[90m# src/test/resources/features/Login.feature:25&amp#27;[0m
[INFO ] 2024-04-14 08:42:29.307 [main] MyHooks - user launch chrome browser setup1 executed
[INFO ] 2024-04-14 08:42:29.796 [main] MyHooks - url got opened
  &amp#27;[32mGiven &amp#27;[0m&amp#27;[32mUser has navigated to login page&amp#27;[0m                                               &amp#27;[90m# stepdefinitions.Login.User_has_navigated_to_login_page()&amp#27;[0m
  &amp#27;[32mWhen &amp#27;[0m&amp#27;[32mUser enteres valid email address &amp#27;[0m&amp#27;[32m&amp#27;[1m"supriyaanikivi234@gmail.com"&amp#27;[0m&amp#27;[32m into email field&amp#27;[0m &amp#27;[90m# stepdefinitions.Login.user_enteres_valid_email_address_into_email_field(java.lang.String)&amp#27;[0m
  &amp#27;[32mAnd &amp#27;[0m&amp#27;[32mUser enters invalid password &amp#27;[0m&amp#27;[32m&amp#27;[1m"ad34577"&amp#27;[0m&amp#27;[32m into password field&amp#27;[0m                       &amp#27;[90m# stepdefinitions.Login.user_enters_invalid_password_into_password_field(java.lang.String)&amp#27;[0m
  &amp#27;[32mAnd &amp#27;[0m&amp#27;[32mUser clicks on login button&amp#27;[0m                                                      &amp#27;[90m# stepdefinitions.Login.user_clicks_on_login_button()&amp#27;[0m
  &amp#27;[31mThen &amp#27;[0m&amp#27;[31mUser should get a proper warning message about credentails mismatch&amp#27;[0m             &amp#27;[90m# stepdefinitions.Login.user_should_get_a_proper_warning_message_about_credentails_mismatch()&amp#27;[0m
      &amp#27;[31mjava.lang.AssertionError
	at org.junit.Assert.fail(Assert.java:86)
	at org.junit.Assert.assertTrue(Assert.java:41)
	at org.junit.Assert.assertTrue(Assert.java:52)
	at stepdefinitions.Login.user_should_get_a_proper_warning_message_about_credentails_mismatch(Login.java:106)
	at âœ½.User should get a proper warning message about credentails mismatch(file:///C:/Users/DELL/eclipse-workspace/CucumberWorkspace/TutorialsNinjaCucumberProject/src/test/resources/features/Login.feature:30)
&amp#27;[0m

    Embedding Login_with_valid_email_and_invalid_password [image/png 117604 bytes]

[INFO ] 2024-04-14 08:42:32.788 [main] MyHooks - sceernshot has taken and attached to report
[INFO ] 2024-04-14 08:42:33.115 [main] MyHooks - browser got closed
]]></system-out>
  </testcase>
  <testcase name="runScenario[&quot;Login with invalid email and valid password&quot;, &quot;Login Functionality&quot;](6)" classname="runner.TestRunner" time="9.67">
    <system-out><![CDATA[
Scenario: Login with invalid email and valid password                      &amp#27;[90m# src/test/resources/features/Login.feature:33&amp#27;[0m
[INFO ] 2024-04-14 08:42:38.929 [main] MyHooks - user launch chrome browser setup1 executed
[INFO ] 2024-04-14 08:42:39.454 [main] MyHooks - url got opened
  &amp#27;[32mGiven &amp#27;[0m&amp#27;[32mUser has navigated to login page&amp#27;[0m                                   &amp#27;[90m# stepdefinitions.Login.User_has_navigated_to_login_page()&amp#27;[0m
  &amp#27;[32mWhen &amp#27;[0m&amp#27;[32mUser enteres invalid email address into email field&amp#27;[0m                 &amp#27;[90m# stepdefinitions.Login.user_enteres_invalid_email_address_into_email_field()&amp#27;[0m
  &amp#27;[32mAnd &amp#27;[0m&amp#27;[32mUser has entered valid password &amp#27;[0m&amp#27;[32m&amp#27;[1m"supriya123*"&amp#27;[0m&amp#27;[32m into password field&amp#27;[0m    &amp#27;[90m# stepdefinitions.Login.user_has_entered_valid_password_into_password_field(java.lang.String)&amp#27;[0m
  &amp#27;[32mAnd &amp#27;[0m&amp#27;[32mUser clicks on login button&amp#27;[0m                                          &amp#27;[90m# stepdefinitions.Login.user_clicks_on_login_button()&amp#27;[0m
  &amp#27;[32mThen &amp#27;[0m&amp#27;[32mUser should get a proper warning message about credentails mismatch&amp#27;[0m &amp#27;[90m# stepdefinitions.Login.user_should_get_a_proper_warning_message_about_credentails_mismatch()&amp#27;[0m
[INFO ] 2024-04-14 08:42:42.794 [main] MyHooks - browser got closed
]]></system-out>
  </testcase>
  <testcase name="runScenario[&quot;Login without providing any credentials&quot;, &quot;Login Functionality&quot;](7)" classname="runner.TestRunner" time="9.331">
    <system-out><![CDATA[
Scenario: Login without providing any credentials                          &amp#27;[90m# src/test/resources/features/Login.feature:41&amp#27;[0m
[INFO ] 2024-04-14 08:42:48.454 [main] MyHooks - user launch chrome browser setup1 executed
[INFO ] 2024-04-14 08:42:48.963 [main] MyHooks - url got opened
  &amp#27;[32mGiven &amp#27;[0m&amp#27;[32mUser has navigated to login page&amp#27;[0m                                   &amp#27;[90m# stepdefinitions.Login.User_has_navigated_to_login_page()&amp#27;[0m
  &amp#27;[32mWhen &amp#27;[0m&amp#27;[32mUser do not enter email address into email field&amp#27;[0m                    &amp#27;[90m# stepdefinitions.Login.user_do_not_enter_email_address_into_email_field()&amp#27;[0m
  &amp#27;[32mAnd &amp#27;[0m&amp#27;[32mUser do not enter password into password field&amp#27;[0m                       &amp#27;[90m# stepdefinitions.Login.user_do_not_enter_password_into_passwrd_field()&amp#27;[0m
  &amp#27;[32mAnd &amp#27;[0m&amp#27;[32mUser clicks on login button&amp#27;[0m                                          &amp#27;[90m# stepdefinitions.Login.user_clicks_on_login_button()&amp#27;[0m
  &amp#27;[32mThen &amp#27;[0m&amp#27;[32mUser should get a proper warning message about credentails mismatch&amp#27;[0m &amp#27;[90m# stepdefinitions.Login.user_should_get_a_proper_warning_message_about_credentails_mismatch()&amp#27;[0m
[INFO ] 2024-04-14 08:42:52.129 [main] MyHooks - browser got closed
]]></system-out>
  </testcase>
  <testcase name="runScenario[&quot;User creates an account only with mandatory fields&quot;, &quot;Registration functionality&quot;](8)" classname="runner.TestRunner" time="12.397">
    <system-out><![CDATA[
Scenario: User creates an account only with mandatory fields &amp#27;[90m# src/test/resources/features/Register.feature:3&amp#27;[0m
[INFO ] 2024-04-14 08:42:57.715 [main] MyHooks - user launch chrome browser setup1 executed
[INFO ] 2024-04-14 08:42:58.257 [main] MyHooks - url got opened
  &amp#27;[32mGiven &amp#27;[0m&amp#27;[32mUser navigates to Register Account page&amp#27;[0m              &amp#27;[90m# stepdefinitions.Register.user_navigates_to_register_account_page()&amp#27;[0m
  &amp#27;[32mWhen &amp#27;[0m&amp#27;[32mUser enters the details into below fields&amp#27;[0m             &amp#27;[90m# stepdefinitions.Register.user_enters_the_details_into_below_fields(io.cucumber.datatable.DataTable)&amp#27;[0m
    | firstName | Arun       |
    | lastName  | Motoori    |
    | telephone | 1234567890 |
    | password  | 12345      |
  &amp#27;[32mAnd &amp#27;[0m&amp#27;[32mUser selects Privacy Policy&amp#27;[0m                            &amp#27;[90m# stepdefinitions.Register.user_selects_privacy_policy()&amp#27;[0m
  &amp#27;[32mAnd &amp#27;[0m&amp#27;[32mUser clicks on Continue button&amp#27;[0m                         &amp#27;[90m# stepdefinitions.Register.user_clicks_on_continue_button()&amp#27;[0m
  &amp#27;[32mThen &amp#27;[0m&amp#27;[32mUser account should get created successfully&amp#27;[0m          &amp#27;[90m# stepdefinitions.Register.user_account_should_get_created_successfully()&amp#27;[0m
[INFO ] 2024-04-14 08:43:04.525 [main] MyHooks - browser got closed
]]></system-out>
  </testcase>
  <testcase name="runScenario[&quot;User creates an account with all fields&quot;, &quot;Registration functionality&quot;](9)" classname="runner.TestRunner" time="12.903">
    <system-out><![CDATA[
Scenario: User creates an account with all fields   &amp#27;[90m# src/test/resources/features/Register.feature:14&amp#27;[0m
[INFO ] 2024-04-14 08:43:10.595 [main] MyHooks - user launch chrome browser setup1 executed
[INFO ] 2024-04-14 08:43:11.114 [main] MyHooks - url got opened
  &amp#27;[32mGiven &amp#27;[0m&amp#27;[32mUser navigates to Register Account page&amp#27;[0m     &amp#27;[90m# stepdefinitions.Register.user_navigates_to_register_account_page()&amp#27;[0m
  &amp#27;[32mWhen &amp#27;[0m&amp#27;[32mUser enters the details into below fields&amp#27;[0m    &amp#27;[90m# stepdefinitions.Register.user_enters_the_details_into_below_fields(io.cucumber.datatable.DataTable)&amp#27;[0m
    | firstName | Arun       |
    | lastName  | Motoori    |
    | telephone | 1234567890 |
    | password  | 12345      |
  &amp#27;[32mAnd &amp#27;[0m&amp#27;[32mUser selects Yes for Newsletter&amp#27;[0m               &amp#27;[90m# stepdefinitions.Register.user_selects_yes_for_newsletter()&amp#27;[0m
  &amp#27;[32mAnd &amp#27;[0m&amp#27;[32mUser selects Privacy Policy&amp#27;[0m                   &amp#27;[90m# stepdefinitions.Register.user_selects_privacy_policy()&amp#27;[0m
  &amp#27;[32mAnd &amp#27;[0m&amp#27;[32mUser clicks on Continue button&amp#27;[0m                &amp#27;[90m# stepdefinitions.Register.user_clicks_on_continue_button()&amp#27;[0m
  &amp#27;[32mThen &amp#27;[0m&amp#27;[32mUser account should get created successfully&amp#27;[0m &amp#27;[90m# stepdefinitions.Register.user_account_should_get_created_successfully()&amp#27;[0m
[INFO ] 2024-04-14 08:43:17.428 [main] MyHooks - browser got closed
]]></system-out>
  </testcase>
  <testcase name="runScenario[&quot;User creates a duplicate account&quot;, &quot;Registration functionality&quot;](10)" classname="runner.TestRunner" time="12.467">
    <system-out><![CDATA[
Scenario: User creates a duplicate account                            &amp#27;[90m# src/test/resources/features/Register.feature:26&amp#27;[0m
[INFO ] 2024-04-14 08:43:23.308 [main] MyHooks - user launch chrome browser setup1 executed
[INFO ] 2024-04-14 08:43:23.828 [main] MyHooks - url got opened
  &amp#27;[32mGiven &amp#27;[0m&amp#27;[32mUser navigates to Register Account page&amp#27;[0m                       &amp#27;[90m# stepdefinitions.Register.user_navigates_to_register_account_page()&amp#27;[0m
  &amp#27;[32mWhen &amp#27;[0m&amp#27;[32mUser enters the details into below fields with duplicate email&amp#27;[0m &amp#27;[90m# stepdefinitions.Register.user_enters_the_details_into_below_fields_with_duplicate_email(io.cucumber.datatable.DataTable)&amp#27;[0m
    | firstName | Arun                   |
    | lastName  | Motoori                |
    | email     | amotooricap4@gmail.com |
    | telephone | 1234567890             |
    | password  | 12345                  |
  &amp#27;[32mAnd &amp#27;[0m&amp#27;[32mUser selects Yes for Newsletter&amp#27;[0m                                 &amp#27;[90m# stepdefinitions.Register.user_selects_yes_for_newsletter()&amp#27;[0m
  &amp#27;[32mAnd &amp#27;[0m&amp#27;[32mUser selects Privacy Policy&amp#27;[0m                                     &amp#27;[90m# stepdefinitions.Register.user_selects_privacy_policy()&amp#27;[0m
  &amp#27;[32mAnd &amp#27;[0m&amp#27;[32mUser clicks on Continue button&amp#27;[0m                                  &amp#27;[90m# stepdefinitions.Register.user_clicks_on_continue_button()&amp#27;[0m
  &amp#27;[32mThen &amp#27;[0m&amp#27;[32mUser should get a proper warning about duplicate email&amp#27;[0m         &amp#27;[90m# stepdefinitions.Register.user_should_get_a_proper_warning_about_duplicate_email()&amp#27;[0m
[INFO ] 2024-04-14 08:43:29.897 [main] MyHooks - browser got closed
]]></system-out>
  </testcase>
  <testcase name="runScenario[&quot;User creates an account without filling any details&quot;, &quot;Registration functionality&quot;](11)" classname="runner.TestRunner" time="11.82">
    <system-out><![CDATA[
Scenario: User creates an account without filling any details            &amp#27;[90m# src/test/resources/features/Register.feature:39&amp#27;[0m
[INFO ] 2024-04-14 08:43:35.581 [main] MyHooks - user launch chrome browser setup1 executed
[INFO ] 2024-04-14 08:43:36.074 [main] MyHooks - url got opened
  &amp#27;[32mGiven &amp#27;[0m&amp#27;[32mUser navigates to Register Account page&amp#27;[0m                          &amp#27;[90m# stepdefinitions.Register.user_navigates_to_register_account_page()&amp#27;[0m
  &amp#27;[32mWhen &amp#27;[0m&amp#27;[32mUser dont enter any details into fields&amp#27;[0m                           &amp#27;[90m# stepdefinitions.Register.user_dont_enter_any_details_into_fields()&amp#27;[0m
  &amp#27;[32mAnd &amp#27;[0m&amp#27;[32mUser clicks on Continue button&amp#27;[0m                                     &amp#27;[90m# stepdefinitions.Register.user_clicks_on_continue_button()&amp#27;[0m
  &amp#27;[32mThen &amp#27;[0m&amp#27;[32mUser should get proper warning messages for every mandatory field&amp#27;[0m &amp#27;[90m# stepdefinitions.Register.user_should_get_proper_warning_messages_for_every_mandatory_field()&amp#27;[0m
[INFO ] 2024-04-14 08:43:41.717 [main] MyHooks - browser got closed
]]></system-out>
  </testcase>
  <testcase name="runScenario[&quot;User Searches for a valid product&quot;, &quot;search functionality&quot;](12)" classname="runner.TestRunner" time="8.081">
    <system-out><![CDATA[
Scenario: User Searches for a valid product                      &amp#27;[90m# src/test/resources/features/search.feature:3&amp#27;[0m
[INFO ] 2024-04-14 08:43:47.481 [main] MyHooks - user launch chrome browser setup1 executed
[INFO ] 2024-04-14 08:43:48.025 [main] MyHooks - url got opened
  &amp#27;[32mGiven &amp#27;[0m&amp#27;[32mUser opens the Application&amp#27;[0m                               &amp#27;[90m# stepdefinitions.search.user_opens_the_application()&amp#27;[0m
  &amp#27;[32mWhen &amp#27;[0m&amp#27;[32mUser enters valid product &amp#27;[0m&amp#27;[32m&amp#27;[1m"HP"&amp#27;[0m&amp#27;[32m into Search box field&amp#27;[0m      &amp#27;[90m# stepdefinitions.search.user_enters_valid_product_into_search_box_field(java.lang.String)&amp#27;[0m
  &amp#27;[32mAnd &amp#27;[0m&amp#27;[32mUser clicks on Search button&amp#27;[0m                               &amp#27;[90m# stepdefinitions.search.user_clicks_on_search_button()&amp#27;[0m
  &amp#27;[32mThen &amp#27;[0m&amp#27;[32mUser should get Valid Product displayed in search results&amp#27;[0m &amp#27;[90m# stepdefinitions.search.user_should_get_valid_product_displayed_in_search_results()&amp#27;[0m
[INFO ] 2024-04-14 08:43:49.799 [main] MyHooks - browser got closed
]]></system-out>
  </testcase>
  <testcase name="runScenario[&quot;User Searches for a invalid product&quot;, &quot;search functionality&quot;](13)" classname="runner.TestRunner" time="7.94">
    <system-out><![CDATA[
Scenario: User Searches for a invalid product                    &amp#27;[90m# src/test/resources/features/search.feature:9&amp#27;[0m
[INFO ] 2024-04-14 08:43:55.569 [main] MyHooks - user launch chrome browser setup1 executed
[INFO ] 2024-04-14 08:43:56.077 [main] MyHooks - url got opened
  &amp#27;[32mGiven &amp#27;[0m&amp#27;[32mUser opens the Application&amp#27;[0m                               &amp#27;[90m# stepdefinitions.search.user_opens_the_application()&amp#27;[0m
  &amp#27;[32mWhen &amp#27;[0m&amp#27;[32mUser enters invalid product &amp#27;[0m&amp#27;[32m&amp#27;[1m"Honda"&amp#27;[0m&amp#27;[32m into Search box field&amp#27;[0m &amp#27;[90m# stepdefinitions.search.user_enters_invalid_product_into_search_box_field(java.lang.String)&amp#27;[0m
  &amp#27;[32mAnd &amp#27;[0m&amp#27;[32mUser clicks on Search button&amp#27;[0m                               &amp#27;[90m# stepdefinitions.search.user_clicks_on_search_button()&amp#27;[0m
  &amp#27;[32mThen &amp#27;[0m&amp#27;[32mUser should get a message about no product matching&amp#27;[0m       &amp#27;[90m# stepdefinitions.search.user_should_get_a_message_about_no_product_matching()&amp#27;[0m
[INFO ] 2024-04-14 08:43:57.740 [main] MyHooks - browser got closed
]]></system-out>
  </testcase>
  <testcase name="runScenario[&quot;User Searches without providing any product&quot;, &quot;search functionality&quot;](14)" classname="runner.TestRunner" time="7.566">
    <system-out><![CDATA[
Scenario: User Searches without providing any product         &amp#27;[90m# src/test/resources/features/search.feature:15&amp#27;[0m
[INFO ] 2024-04-14 08:44:03.519 [main] MyHooks - user launch chrome browser setup1 executed
[INFO ] 2024-04-14 08:44:04.035 [main] MyHooks - url got opened
  &amp#27;[32mGiven &amp#27;[0m&amp#27;[32mUser opens the Application&amp#27;[0m                            &amp#27;[90m# stepdefinitions.search.user_opens_the_application()&amp#27;[0m
  &amp#27;[32mWhen &amp#27;[0m&amp#27;[32mUser dont enter any product name into Search box field&amp#27;[0m &amp#27;[90m# stepdefinitions.search.user_dont_enter_any_product_name_into_search_box_field()&amp#27;[0m
  &amp#27;[32mAnd &amp#27;[0m&amp#27;[32mUser clicks on Search button&amp#27;[0m                            &amp#27;[90m# stepdefinitions.search.user_clicks_on_search_button()&amp#27;[0m
  &amp#27;[32mThen &amp#27;[0m&amp#27;[32mUser should get a message about no product matching&amp#27;[0m    &amp#27;[90m# stepdefinitions.search.user_should_get_a_message_about_no_product_matching()&amp#27;[0m
[INFO ] 2024-04-14 08:44:05.306 [main] MyHooks - browser got closed
]]></system-out>
  </testcase>
</testsuite>