<?xml version="1.0" encoding="UTF-8"?>
<!-- Generated by org.testng.reporters.JUnitReportReporter -->
<testsuite hostname="DESKTOP-SMAMQC8" failures="1" tests="14" name="runner.TestRunner" time="191.717" errors="0" timestamp="2024-04-14T08:32:48 IST" skipped="0">
  <testcase classname="runner.TestRunner" name="runScenario" time="16.197"/>
  <testcase classname="runner.TestRunner" name="runScenario" time="10.473"/>
  <testcase classname="runner.TestRunner" name="runScenario" time="9.382"/>
  <testcase classname="runner.TestRunner" name="runScenario" time="10.565"/>
  <testcase classname="runner.TestRunner" name="runScenario" time="11.447">
    <failure type="java.lang.AssertionError">
      <![CDATA[java.lang.AssertionError
at org.junit.Assert.fail(Assert.java:86)
at org.junit.Assert.assertTrue(Assert.java:41)
at org.junit.Assert.assertTrue(Assert.java:52)
at stepdefinitions.Login.user_should_get_a_proper_warning_message_about_credentails_mismatch(Login.java:106)
at ✽.User should get a proper warning message about credentails mismatch(file:///C:/Users/DELL/eclipse-workspace/CucumberWorkspace/TutorialsNinjaCucumberProject/src/test/resources/features/Login.feature:30)
]]>
    </failure>
  </testcase> <!-- runScenario -->
  <testcase classname="runner.TestRunner" name="runScenario" time="13.148"/>
  <testcase classname="runner.TestRunner" name="runScenario" time="14.513"/>
  <testcase classname="runner.TestRunner" name="runScenario" time="22.021"/>
  <testcase classname="runner.TestRunner" name="runScenario" time="11.818"/>
  <testcase classname="runner.TestRunner" name="runScenario" time="13.134"/>
  <testcase classname="runner.TestRunner" name="runScenario" time="15.010"/>
  <testcase classname="runner.TestRunner" name="runScenario" time="10.680"/>
  <testcase classname="runner.TestRunner" name="runScenario" time="15.142"/>
  <testcase classname="runner.TestRunner" name="runScenario" time="18.187"/>
</testsuite> <!-- runner.TestRunner -->
